[INFO]: file converted
[INFO]: zip downloaded
<<<<<<< HEAD
=======
[INFO]: file converted
[INFO]: zip downloaded
[INFO]: file converted
[INFO]: zip downloaded
[INFO]: zip downloaded
[INFO]: file converted
[INFO]: zip downloaded
[INFO]: Manual downloaded
[INFO]: file converted
[INFO]: zip downloaded
[INFO]: Sample file downloaded
[INFO]: Manual downloaded
[INFO]: file converted
[INFO]: zip downloaded
[INFO]: Sample file downloaded
[INFO]: file converted
[INFO]: zip downloaded
[INFO]: file converted
[INFO]: zip downloaded
[INFO]: file converted
[INFO]: zip downloaded
>>>>>>> a75190808b7b8d66be701b446bb691032f3130a3
